<?xml version="1.0" encoding="UTF-8"?>
<!-- Generated by org.testng.reporters.JUnitReportReporter -->
<testsuite hostname="EC2AMAZ-S11DBRH" failures="0" tests="1" name="testingtestng.googlepage" time="13.355" errors="0" timestamp="2023-10-25T13:49:12 GMT" skipped="0">
  <testcase classname="testingtestng.googlepage" name="search" time="13.355"/>
  <system-out/>
</testsuite> <!-- testingtestng.googlepage -->
